TN:
SF:src\config\plugins\envs.plugin.ts
FNF:0
FNH:0
DA:1,1
DA:2,1
DA:3,1
DA:4,1
DA:5,1
DA:6,1
DA:7,1
DA:8,1
DA:9,1
DA:10,1
DA:11,1
DA:12,1
DA:13,1
DA:14,1
DA:15,1
DA:16,1
DA:17,1
DA:18,1
LF:18
LH:18
BRF:0
BRH:0
end_of_record
TN:
SF:src\data\mongo\init.ts
FN:11,connect
FNF:1
FNH:1
FNDA:3,connect
DA:1,1
DA:2,1
DA:3,1
DA:4,1
DA:5,1
DA:6,1
DA:7,1
DA:8,1
DA:9,1
DA:10,1
DA:11,1
DA:12,3
DA:13,3
DA:14,3
DA:15,3
DA:16,3
DA:17,3
DA:18,3
DA:19,2
DA:20,2
DA:21,2
DA:22,2
DA:23,2
DA:24,1
DA:25,1
DA:26,3
DA:27,1
LF:27
LH:27
BRDA:11,0,0,3
BRDA:19,1,0,2
BRDA:23,2,0,1
BRF:3
BRH:3
end_of_record
TN:
SF:src\data\mongo\models\log.model.ts
FNF:0
FNH:0
DA:1,1
DA:2,1
DA:3,1
DA:4,1
DA:5,1
DA:6,1
DA:7,1
DA:8,1
DA:9,1
DA:10,1
DA:11,1
DA:12,1
DA:13,1
DA:14,1
DA:15,1
DA:16,1
DA:17,1
DA:18,1
DA:19,1
DA:20,1
DA:21,1
DA:22,1
DA:23,1
DA:24,1
DA:25,1
LF:25
LH:25
BRF:0
BRH:0
end_of_record
TN:
SF:src\domain\entities\log.entity.ts
FN:20,LogEntity
FN:30,Object.<anonymous>.LogEntity.fromJson
FN:45,Object.<anonymous>.LogEntity.fromObject
FNF:3
FNH:3
FNDA:10,LogEntity
FNDA:1,Object.<anonymous>.LogEntity.fromJson
FNDA:1,Object.<anonymous>.LogEntity.fromObject
DA:1,5
DA:2,5
DA:3,5
DA:4,5
DA:5,5
DA:6,1
DA:7,1
DA:8,1
DA:9,1
DA:10,1
DA:11,1
DA:12,1
DA:13,1
DA:14,1
DA:15,1
DA:16,1
DA:17,1
DA:18,1
DA:19,1
DA:20,1
DA:21,10
DA:22,10
DA:23,10
DA:24,10
DA:25,10
DA:26,10
DA:27,10
DA:28,1
DA:29,1
DA:30,1
DA:31,1
DA:32,1
DA:33,1
DA:34,1
DA:35,1
DA:36,1
DA:37,1
DA:38,1
DA:39,1
DA:40,1
DA:41,1
DA:42,1
DA:43,1
DA:44,1
DA:45,1
DA:46,1
DA:47,1
DA:48,1
DA:49,1
DA:50,1
DA:51,1
DA:52,1
LF:52
LH:52
BRDA:1,0,0,5
BRDA:20,1,0,10
BRDA:30,2,0,1
BRDA:31,3,0,0
BRDA:45,4,0,1
BRF:5
BRH:4
end_of_record
TN:
SF:src\domain\use-cases\checks\check-service-multiple.ts
FN:17,CheckServiceMultiple
FN:23,callLogs
FN:30,execute
FNF:3
FNH:3
FNDA:1,CheckServiceMultiple
FNDA:2,callLogs
FNDA:2,execute
DA:1,1
DA:2,1
DA:3,1
DA:4,1
DA:5,1
DA:6,1
DA:7,1
DA:8,1
DA:9,1
DA:10,1
DA:11,1
DA:12,1
DA:13,1
DA:14,1
DA:15,1
DA:16,1
DA:17,1
DA:18,1
DA:19,1
DA:20,1
DA:21,1
DA:22,1
DA:23,1
DA:24,2
DA:25,6
DA:26,2
DA:27,2
DA:28,1
DA:29,1
DA:30,1
DA:31,2
DA:32,2
DA:33,2
DA:34,2
DA:35,0
DA:36,0
DA:37,1
DA:38,1
DA:39,1
DA:40,1
DA:41,1
DA:42,1
DA:43,1
DA:44,2
DA:45,2
DA:46,2
DA:47,2
DA:48,1
DA:49,1
DA:50,1
DA:51,1
DA:52,1
DA:53,1
DA:54,1
DA:55,1
DA:56,1
DA:57,1
DA:58,1
DA:59,1
DA:60,2
DA:61,2
DA:62,1
DA:63,1
LF:63
LH:61
BRDA:17,0,0,1
BRDA:23,1,0,2
BRDA:24,2,0,6
BRDA:30,3,0,2
BRDA:34,4,0,1
BRDA:34,5,0,0
BRDA:37,6,0,1
BRDA:47,7,0,1
BRF:8
BRH:7
end_of_record
TN:
SF:src\domain\use-cases\checks\check-service.ts
FN:17,CheckService
FN:24,execute
FNF:2
FNH:2
FNDA:1,CheckService
FNDA:2,execute
DA:1,1
DA:2,1
DA:3,1
DA:4,1
DA:5,1
DA:6,1
DA:7,1
DA:8,1
DA:9,1
DA:10,1
DA:11,1
DA:12,1
DA:13,1
DA:14,1
DA:15,1
DA:16,1
DA:17,1
DA:18,1
DA:19,1
DA:20,1
DA:21,1
DA:22,1
DA:23,1
DA:24,1
DA:25,2
DA:26,2
DA:27,2
DA:28,2
DA:29,0
DA:30,0
DA:31,1
DA:32,1
DA:33,1
DA:34,1
DA:35,1
DA:36,1
DA:37,1
DA:38,2
DA:39,2
DA:40,2
DA:41,2
DA:42,1
DA:43,1
DA:44,1
DA:45,1
DA:46,1
DA:47,1
DA:48,1
DA:49,1
DA:50,1
DA:51,1
DA:52,1
DA:53,1
DA:54,2
DA:55,2
DA:56,1
DA:57,1
LF:57
LH:55
BRDA:17,0,0,1
BRDA:24,1,0,2
BRDA:28,2,0,1
BRDA:28,3,0,0
BRDA:31,4,0,1
BRDA:41,5,0,1
BRF:6
BRH:5
end_of_record
TN:
SF:src\domain\use-cases\email\send-email-logs.ts
FN:13,SendEmailLogs
FN:18,execute
FNF:2
FNH:2
FNDA:1,SendEmailLogs
FNDA:2,execute
DA:1,1
DA:2,1
DA:3,1
DA:4,1
DA:5,1
DA:6,1
DA:7,1
DA:8,1
DA:9,1
DA:10,1
DA:11,1
DA:12,1
DA:13,1
DA:14,1
DA:15,1
DA:16,1
DA:17,1
DA:18,1
DA:19,2
DA:20,2
DA:21,2
DA:22,2
DA:23,1
DA:24,1
DA:25,1
DA:26,1
DA:27,1
DA:28,1
DA:29,1
DA:30,1
DA:31,1
DA:32,1
DA:33,1
DA:34,1
DA:35,1
DA:36,1
DA:37,1
DA:38,1
DA:39,1
DA:40,1
DA:41,1
DA:42,1
DA:43,1
DA:44,2
DA:45,2
DA:46,2
DA:47,1
DA:48,1
DA:49,1
LF:49
LH:49
BRDA:13,0,0,1
BRDA:18,1,0,2
BRDA:22,2,0,1
BRF:3
BRH:3
end_of_record
